<?xml version="1.0" encoding="UTF-8"?>
<!-- Generated by org.testng.reporters.JUnitXMLReporter -->
<testsuite hostname="HIRAL" ignored="1" name="Smoke Login Test" tests="1" failures="0" timestamp="2022-12-13T12:18:50 GMT" time="6.313" errors="0">
  <testcase name="userSholdLoginSuccessfullyWithValidCredentials" time="1.376" classname="com.orangehrmlive.testsuite.LoginPageTest"/>
  <testcase name="userShouldNavigateToForgotPasswordPageSuccessfully" time="0.0" classname="com.orangehrmlive.testsuite.LoginPageTest">
    <ignored/>
  </testcase> <!-- userShouldNavigateToForgotPasswordPageSuccessfully -->
</testsuite> <!-- Smoke Login Test -->
