<?xml version="1.0" encoding="UTF-8"?>
<!-- Generated by org.testng.reporters.JUnitXMLReporter -->
<testsuite hostname="HIRAL" ignored="1" name="Sanity Login Test" tests="1" failures="0" timestamp="2022-12-13T12:19:32 GMT" time="7.518" errors="0">
  <testcase name="userShouldNavigateToForgotPasswordPageSuccessfully" time="1.216" classname="com.orangehrmlive.testsuite.LoginPageTest"/>
  <testcase name="userSholdLoginSuccessfullyWithValidCredentials" time="0.0" classname="com.orangehrmlive.testsuite.LoginPageTest">
    <ignored/>
  </testcase> <!-- userSholdLoginSuccessfullyWithValidCredentials -->
</testsuite> <!-- Sanity Login Test -->
