<?xml version="1.0" encoding="UTF-8"?>
<testsuite name="Listeners Test"
           tests="2"
           failures="0"
           errors="0"
           skipped="0"
           time="3.382">
  <properties />
  
  
            <testcase name="userSholdLoginSuccessfullyWithValidCredentials" time="2.457" classname="com.orangehrmlive.testsuite.LoginPageTest" />
                <testcase name="userShouldNavigateToForgotPasswordPageSuccessfully" time="0.925" classname="com.orangehrmlive.testsuite.LoginPageTest" />
      
</testsuite>
