<?xml version="1.0" encoding="UTF-8"?>
<!-- Generated by org.testng.reporters.JUnitXMLReporter -->
<testsuite hostname="HIRAL" ignored="0" name="Listeners Test" tests="2" failures="0" timestamp="2022-12-13T12:22:25 GMT" time="21.527" errors="0">
  <testcase name="userSholdLoginSuccessfullyWithValidCredentials" time="2.457" classname="com.orangehrmlive.testsuite.LoginPageTest"/>
  <testcase name="userShouldNavigateToForgotPasswordPageSuccessfully" time="0.925" classname="com.orangehrmlive.testsuite.LoginPageTest"/>
</testsuite> <!-- Listeners Test -->
